<?xml version="1.0" encoding="UTF-8"?>
<!-- Generated by org.testng.reporters.JUnitReportReporter -->
<testsuite hostname="LMC-LT-091" failures="0" tests="2" name="com.Oxhead.TestCases.LoginTest" time="26.100" errors="0" timestamp="2022-01-03T11:56:02 IST" skipped="0">
  <testcase classname="com.Oxhead.TestCases.LoginTest" name="LoginPageTitleTest" time="10.889"/>
  <system-out/>
  <testcase classname="com.Oxhead.TestCases.LoginTest" name="loginTest" time="15.211"/>
  <system-out/>
</testsuite> <!-- com.Oxhead.TestCases.LoginTest -->
