<?xml version="1.0" encoding="UTF-8"?>
<!-- Generated by org.testng.reporters.JUnitReportReporter -->
<testsuite hostname="LMC-LT-091" failures="0" tests="2" name="com.CRM.TestCases.LoginTest" time="30.891" errors="0" timestamp="2022-01-07T16:10:18 IST" skipped="0">
  <testcase classname="com.CRM.TestCases.LoginTest" name="loginTest" time="19.501"/>
  <system-out/>
  <testcase classname="com.CRM.TestCases.LoginTest" name="LoginPageTitleTest" time="11.390"/>
  <system-out/>
</testsuite> <!-- com.CRM.TestCases.LoginTest -->
