<?xml version="1.0" encoding="UTF-8"?>
<!-- Generated by org.testng.reporters.JUnitReportReporter -->
<testsuite hostname="LMC-LT-091" failures="0" tests="4" name="com.Oxhead.BaseTest.TestNgFeatures" time="0.028" errors="0" timestamp="2021-12-24T15:27:58 IST" skipped="0">
  <testcase classname="com.Oxhead.BaseTest.TestNgFeatures" name="regPageTest" time="0.009"/>
  <system-out/>
  <testcase classname="com.Oxhead.BaseTest.TestNgFeatures" name="homePageTest" time="0.006"/>
  <system-out/>
  <testcase classname="com.Oxhead.BaseTest.TestNgFeatures" name="loginTest" time="0.005"/>
  <system-out/>
  <testcase classname="com.Oxhead.BaseTest.TestNgFeatures" name="searchPageTest" time="0.008"/>
  <system-out/>
</testsuite> <!-- com.Oxhead.BaseTest.TestNgFeatures -->
