<?xml version="1.0" encoding="UTF-8"?>
<!-- Generated by org.testng.reporters.JUnitReportReporter -->
<testsuite hostname="DESKTOP-7EBTGJK" failures="0" tests="1" name="com.Oxhead.Methods.MytestCase" time="78.469" errors="0" timestamp="2022-01-03T12:32:14 IST" skipped="0">
  <testcase classname="com.Oxhead.Methods.MytestCase" name="Googleverify" time="78.469"/>
  <system-out/>
</testsuite> <!-- com.Oxhead.Methods.MytestCase -->
