<?xml version="1.0" encoding="UTF-8"?>
<!-- Generated by org.testng.reporters.JUnitReportReporter -->
<testsuite hostname="LMC-LT-091" failures="0" tests="1" name="design_pattern.TestNG_Demo" time="0.008" errors="0" timestamp="2021-12-22T15:17:00 IST" skipped="0">
  <testcase classname="design_pattern.TestNG_Demo" name="reportSetUpTest" time="0.008"/>
  <system-out/>
</testsuite> <!-- design_pattern.TestNG_Demo -->
