<?xml version="1.0" encoding="UTF-8"?>
<!-- Generated by org.testng.reporters.JUnitReportReporter -->
<testsuite hostname="LMC-LT-091" failures="0" tests="2" name="com.CRM.TestCases.HomePageTest" time="34.347" errors="0" timestamp="2022-01-10T14:26:02 IST" skipped="0">
  <testcase classname="com.CRM.TestCases.HomePageTest" name="HomePageTitleTest" time="16.171"/>
  <system-out/>
  <testcase classname="com.CRM.TestCases.HomePageTest" name="clickOnAdminPageTest" time="18.176"/>
  <system-out/>
</testsuite> <!-- com.CRM.TestCases.HomePageTest -->
