<?xml version="1.0" encoding="UTF-8"?>
<!-- Generated by org.testng.reporters.JUnitReportReporter -->
<testsuite hostname="LMC-LT-091" failures="0" tests="1" name="com.Oxhead.BaseTest.ParameterTest" time="6.127" errors="0" timestamp="2021-12-27T09:53:27 IST" skipped="0">
  <testcase classname="com.Oxhead.BaseTest.ParameterTest" name="googleLoginTest" time="6.127"/>
  <system-out/>
</testsuite> <!-- com.Oxhead.BaseTest.ParameterTest -->
