<?xml version="1.0" encoding="UTF-8"?>
<!-- Generated by org.testng.reporters.JUnitReportReporter -->
<testsuite hostname="LMC-LT-091" failures="0" tests="1" name="design_pattern.Jyothi" time="0.007" errors="0" timestamp="2021-12-22T17:45:39 IST" skipped="0">
  <testcase classname="design_pattern.Jyothi" name="hello" time="0.007"/>
  <system-out/>
</testsuite> <!-- design_pattern.Jyothi -->
