<?xml version="1.0" encoding="UTF-8"?>
<!-- Generated by org.testng.reporters.JUnitReportReporter -->
<testsuite hostname="LMC-LT-091" failures="0" tests="1" name="Listeners.TestNGBrowser" time="8.203" errors="0" timestamp="2022-01-03T10:42:04 IST" skipped="0">
  <testcase classname="Listeners.TestNGBrowser" name="oxheadTitle" time="8.203"/>
  <system-out/>
</testsuite> <!-- Listeners.TestNGBrowser -->
