<?xml version="1.0" encoding="UTF-8"?>
<!-- Generated by org.testng.reporters.JUnitReportReporter -->
<testsuite hostname="LMC-LT-091" failures="0" tests="1" name="Practice_Scripts.ExtentReport1" time="1.284" errors="0" timestamp="2021-12-31T12:52:03 IST" skipped="0">
  <testcase classname="Practice_Scripts.ExtentReport1" name="test1" time="1.284"/>
  <system-out/>
</testsuite> <!-- Practice_Scripts.ExtentReport1 -->
