<?xml version="1.0" encoding="UTF-8"?>
<!-- Generated by org.testng.reporters.JUnitReportReporter -->
<testsuite hostname="LMC-LT-091" failures="0" tests="1" name="com.BaseTest.Test1" time="0.008" errors="0" timestamp="2021-12-21T11:47:55 IST" skipped="0">
  <testcase classname="com.BaseTest.Test1" name="testing" time="0.008"/>
  <system-out/>
</testsuite> <!-- com.BaseTest.Test1 -->
