<?xml version="1.0" encoding="UTF-8"?>
<!-- Generated by org.testng.reporters.JUnitReportReporter -->
<testsuite hostname="LMC-LT-091" failures="0" tests="10" name="com.Oxhead.BaseTest.InvocationCountTest" time="0.014" errors="0" timestamp="2021-12-24T15:27:58 IST" skipped="0">
  <testcase classname="com.Oxhead.BaseTest.InvocationCountTest" name="sum" time="0.001"/>
  <system-out/>
  <testcase classname="com.Oxhead.BaseTest.InvocationCountTest" name="sum" time="0.001"/>
  <system-out/>
  <testcase classname="com.Oxhead.BaseTest.InvocationCountTest" name="sum" time="0.001"/>
  <system-out/>
  <testcase classname="com.Oxhead.BaseTest.InvocationCountTest" name="sum" time="0.002"/>
  <system-out/>
  <testcase classname="com.Oxhead.BaseTest.InvocationCountTest" name="sum" time="0.002"/>
  <system-out/>
  <testcase classname="com.Oxhead.BaseTest.InvocationCountTest" name="sum" time="0.003"/>
  <system-out/>
  <testcase classname="com.Oxhead.BaseTest.InvocationCountTest" name="sum" time="0.001"/>
  <system-out/>
  <testcase classname="com.Oxhead.BaseTest.InvocationCountTest" name="sum" time="0.001"/>
  <system-out/>
  <testcase classname="com.Oxhead.BaseTest.InvocationCountTest" name="sum" time="0.001"/>
  <system-out/>
  <testcase classname="com.Oxhead.BaseTest.InvocationCountTest" name="sum" time="0.001"/>
  <system-out/>
</testsuite> <!-- com.Oxhead.BaseTest.InvocationCountTest -->
