<?xml version="1.0" encoding="UTF-8"?>
<!-- Generated by org.testng.reporters.JUnitReportReporter -->
<testsuite hostname="LMC-LT-091" failures="0" tests="1" name="Practice_Scripts.ExtentReportDemo" time="7.320" errors="0" timestamp="2021-12-31T16:12:48 IST" skipped="0">
  <testcase classname="Practice_Scripts.ExtentReportDemo" name="LavanishPatel" time="7.320"/>
  <system-out/>
</testsuite> <!-- Practice_Scripts.ExtentReportDemo -->
