<?xml version="1.0" encoding="UTF-8"?>
<!-- Generated by org.testng.reporters.JUnitReportReporter -->
<testsuite hostname="LMC-LT-091" failures="0" tests="4" name="Listeners.ScreenShot" time="7.226" errors="0" timestamp="2022-01-05T15:40:31 IST" skipped="0">
  <testcase classname="Listeners.ScreenShot" name="logoTest" time="0.001"/>
  <system-out/>
  <testcase classname="Listeners.ScreenShot" name="googleTitle" time="7.221"/>
  <system-out/>
  <testcase classname="Listeners.ScreenShot" name="test3" time="0.002"/>
  <system-out/>
  <testcase classname="Listeners.ScreenShot" name="test4" time="0.002"/>
  <system-out/>
</testsuite> <!-- Listeners.ScreenShot -->
