<?xml version="1.0" encoding="UTF-8"?>
<!-- Generated by org.testng.reporters.JUnitReportReporter -->
<testsuite hostname="LMC-LT-091" failures="0" tests="1" name="Listeners.TestNGBrowser" time="9.777" errors="0" timestamp="2021-12-30T17:05:39 IST" skipped="0">
  <testcase classname="Listeners.TestNGBrowser" name="oxheadTitle" time="9.777"/>
  <system-out/>
</testsuite> <!-- Listeners.TestNGBrowser -->
