<?xml version="1.0" encoding="UTF-8"?>
<!-- Generated by org.testng.reporters.JUnitReportReporter -->
<testsuite hostname="LMC-LT-091" failures="0" tests="1" name="Pom_design_pattern.Jyothi" time="0.008" errors="0" timestamp="2021-12-23T15:17:46 IST" skipped="0">
  <testcase classname="Pom_design_pattern.Jyothi" name="hello" time="0.008"/>
  <system-out/>
</testsuite> <!-- Pom_design_pattern.Jyothi -->
