<?xml version="1.0" encoding="UTF-8"?>
<!-- Generated by org.testng.reporters.JUnitReportReporter -->
<testsuite hostname="LMC-LT-091" failures="0" tests="1" name="com.Oxhead.BaseTest.BaseTest1" time="16.842" errors="0" timestamp="2021-12-24T15:27:58 IST" skipped="0">
  <testcase classname="com.Oxhead.BaseTest.BaseTest1" name="testing" time="16.842"/>
  <system-out/>
</testsuite> <!-- com.Oxhead.BaseTest.BaseTest1 -->
