<?xml version="1.0" encoding="UTF-8"?>
<!-- Generated by org.testng.reporters.JUnitReportReporter -->
<testsuite hostname="LMC-LT-091" failures="0" tests="2" name="Listeners.TestCase1" time="7.094" errors="0" timestamp="2022-01-03T10:42:04 IST" skipped="0">
  <testcase classname="Listeners.TestCase1" name="googleTitle" time="7.092"/>
  <system-out/>
  <testcase classname="Listeners.TestCase1" name="logoTest" time="0.002"/>
  <system-out/>
</testsuite> <!-- Listeners.TestCase1 -->
