<?xml version="1.0" encoding="UTF-8"?>
<!-- Generated by org.testng.reporters.JUnitReportReporter -->
<testsuite hostname="LMC-LT-091" failures="0" tests="2" name="Practice_Scripts.LoginTest1" time="22.957" errors="0" timestamp="2022-01-03T16:42:32 IST" skipped="0">
  <testcase classname="Practice_Scripts.LoginTest1" name="freeCRMTitleTest" time="13.753"/>
  <system-out/>
  <testcase classname="Practice_Scripts.LoginTest1" name="freeCRMLogoTest" time="9.204"/>
  <system-out/>
</testsuite> <!-- Practice_Scripts.LoginTest1 -->
