<?xml version="1.0" encoding="UTF-8"?>
<!-- Generated by org.testng.reporters.JUnitReportReporter -->
<testsuite hostname="LMC-LT-091" failures="0" tests="2" name="com.Oxhead.BaseTest.TestNG_Basics" time="0.008" errors="0" timestamp="2021-12-27T14:23:47 IST" skipped="0">
  <testcase classname="com.Oxhead.BaseTest.TestNG_Basics" name="searchTest" time="0.002"/>
  <system-out/>
  <testcase classname="com.Oxhead.BaseTest.TestNG_Basics" name="googleTitleTest" time="0.006"/>
  <system-out/>
</testsuite> <!-- com.Oxhead.BaseTest.TestNG_Basics -->
