<?xml version="1.0" encoding="UTF-8"?>
<!-- Generated by org.testng.reporters.JUnitReportReporter -->
<testsuite hostname="LMC-LT-091" failures="0" tests="1" name="com.Oxhead.Listeners.Screen" time="0.008" errors="0" timestamp="2021-12-27T12:42:03 IST" skipped="0">
  <testcase classname="com.Oxhead.Listeners.Screen" name="test" time="0.008"/>
  <system-out/>
</testsuite> <!-- com.Oxhead.Listeners.Screen -->
